folioreader/build/outputs/logs/manifest-merger-debug-report.txt
-- Merging decision tree log ---
manifest
ADDED from FolioReader-Android-master/folioreader/AndroidManifest.xml:2:1-12:12
INJECTED from FolioReader-Android-master/folioreader/AndroidManifest.xml:2:1-12:12
INJECTED from FolioReader-Android-master/folioreader/AndroidManifest.xml:2:1-12:12
INJECTED from FolioReader-Android-master/folioreader/AndroidManifest.xml:2:1-12:12
INJECTED from FolioReader-Android-master/folioreader/AndroidManifest.xml:2:1-12:12
INJECTED from FolioReader-Android-master/folioreader/AndroidManifest.xml:2:1-12:12
INJECTED from FolioReader-Android-master/folioreader/AndroidManifest.xml:2:1-12:12
	package
		ADDED from FolioReader-Android-master/folioreader/AndroidManifest.xml:3:5-30
		INJECTED from FolioReader-Android-master/folioreader/AndroidManifest.xml
		INJECTED from FolioReader-Android-master/folioreader/AndroidManifest.xml
	android:versionName
		INJECTED from FolioReader-Android-master/folioreader/AndroidManifest.xml
		ADDED from FolioReader-Android-master/folioreader/AndroidManifest.xml:2:1-12:12
		INJECTED from FolioReader-Android-master/folioreader/AndroidManifest.xml
	android:versionCode
		INJECTED from FolioReader-Android-master/folioreader/AndroidManifest.xml
		ADDED from FolioReader-Android-master/folioreader/AndroidManifest.xml:2:1-12:12
		INJECTED from FolioReader-Android-master/folioreader/AndroidManifest.xml
	xmlns:android
		ADDED from FolioReader-Android-master/folioreader/AndroidManifest.xml:2:11-69
uses-permission#android.permission.WRITE_EXTERNAL_STORAGE
ADDED from FolioReader-Android-master/folioreader/AndroidManifest.xml:4:5-97
	android:name
		ADDED from FolioReader-Android-master/folioreader/AndroidManifest.xml:4:22-78
uses-permission#android.permission.READ_EXTERNAL_STORAGE
ADDED from FolioReader-Android-master/folioreader/AndroidManifest.xml:5:5-96
	android:name
		ADDED from FolioReader-Android-master/folioreader/AndroidManifest.xml:5:22-77
uses-permission#android.permission.INTERNET
ADDED from FolioReader-Android-master/folioreader/AndroidManifest.xml:6:5-83
	android:name
		ADDED from FolioReader-Android-master/folioreader/AndroidManifest.xml:6:22-64
application
ADDED from FolioReader-Android-master/folioreader/AndroidManifest.xml:8:5-10:19
activity#com.folioreader.ui.folio.activity.ContentHighlightActivity
ADDED from FolioReader-Android-master/folioreader/AndroidManifest.xml:9:9-80
	android:name
		ADDED from FolioReader-Android-master/folioreader/AndroidManifest.xml:9:19-77
uses-sdk
INJECTED from FolioReader-Android-master/folioreader/AndroidManifest.xml reason: use-sdk injection requested
INJECTED from FolioReader-Android-master/folioreader/AndroidManifest.xml
INJECTED from FolioReader-Android-master/folioreader/AndroidManifest.xml
INJECTED from FolioReader-Android-master/folioreader/AndroidManifest.xml
INJECTED from FolioReader-Android-master/folioreader/AndroidManifest.xml
	android:targetSdkVersion
		INJECTED from FolioReader-Android-master/folioreader/AndroidManifest.xml
		ADDED from FolioReader-Android-master/folioreader/AndroidManifest.xml
		INJECTED from FolioReader-Android-master/folioreader/AndroidManifest.xml
	android:minSdkVersion
		INJECTED from FolioReader-Android-master/folioreader/AndroidManifest.xml
		ADDED from FolioReader-Android-master/folioreader/AndroidManifest.xml
		INJECTED from FolioReader-Android-master/folioreader/AndroidManifest.xml